# JRE version: Java(TM) SE Runtime Environment (8.0_144-b01) (build 1.8.0_144-b01)
# Java VM: Java HotSpot(TM) 64-Bit Server VM (25.144-b01 mixed mode linux-amd64 compressed oops)
Heap:
 def new generation   total 6144K, used 4841K [0x00000000f0800000, 0x00000000f0ea0000, 0x00000000f5aa0000)
  eden space 5504K,  83% used [0x00000000f0800000, 0x00000000f0c7bef8, 0x00000000f0d60000)
  from space 640K,  38% used [0x00000000f0d60000, 0x00000000f0d9e608, 0x00000000f0e00000)
  to   space 640K,   0% used [0x00000000f0e00000, 0x00000000f0e00000, 0x00000000f0ea0000)
 tenured generation   total 13448K, used 8814K [0x00000000f5aa0000, 0x00000000f67c2000, 0x0000000100000000)
   the space 13448K,  65% used [0x00000000f5aa0000, 0x00000000f633b880, 0x00000000f633ba00, 0x00000000f67c2000)
 Metaspace       used 17318K, capacity 17718K, committed 17920K, reserved 1064960K
  class space    used 2081K, capacity 2193K, committed 2304K, reserved 1048576K
GC Heap History (10 events):
Event: 25,222 GC heap before
{Heap before GC invocations=32 (full 0):
 def new generation   total 4928K, used 4867K [0x00000000f0800000, 0x00000000f0d50000, 0x00000000f5aa0000)
  eden space 4416K, 100% used [0x00000000f0800000, 0x00000000f0c50000, 0x00000000f0c50000)
  from space 512K,  88% used [0x00000000f0c50000, 0x00000000f0cc0f88, 0x00000000f0cd0000)
  to   space 512K,   0% used [0x00000000f0cd0000, 0x00000000f0cd0000, 0x00000000f0d50000)
 tenured generation   total 10944K, used 10799K [0x00000000f5aa0000, 0x00000000f6550000, 0x0000000100000000)
   the space 10944K,  98% used [0x00000000f5aa0000, 0x00000000f652bf28, 0x00000000f652c000, 0x00000000f6550000)
 Metaspace       used 16750K, capacity 17024K, committed 17280K, reserved 1064960K
  class space    used 2042K, capacity 2115K, committed 2176K, reserved 1048576K
Event: 26,879 GC heap after
Heap after GC invocations=33 (full 1):
 def new generation   total 6144K, used 0K [0x00000000f0800000, 0x00000000f0ea0000, 0x00000000f5aa0000)
  eden space 5504K,   0% used [0x00000000f0800000, 0x00000000f0800000, 0x00000000f0d60000)
  from space 640K,   0% used [0x00000000f0d60000, 0x00000000f0d60000, 0x00000000f0e00000)
  to   space 640K,   0% used [0x00000000f0e00000, 0x00000000f0e00000, 0x00000000f0ea0000)
 tenured generation   total 13448K, used 8068K [0x00000000f5aa0000, 0x00000000f67c2000, 0x0000000100000000)
   the space 13448K,  59% used [0x00000000f5aa0000, 0x00000000f6281208, 0x00000000f6281400, 0x00000000f67c2000)
 Metaspace       used 16750K, capacity 17024K, committed 17280K, reserved 1064960K
  class space    used 2042K, capacity 2115K, committed 2176K, reserved 1048576K
}
Event: 28,622 GC heap before
{Heap before GC invocations=33 (full 1):
 def new generation   total 6144K, used 5504K [0x00000000f0800000, 0x00000000f0ea0000, 0x00000000f5aa0000)
  eden space 5504K, 100% used [0x00000000f0800000, 0x00000000f0d60000, 0x00000000f0d60000)
  from space 640K,   0% used [0x00000000f0d60000, 0x00000000f0d60000, 0x00000000f0e00000)
  to   space 640K,   0% used [0x00000000f0e00000, 0x00000000f0e00000, 0x00000000f0ea0000)
 tenured generation   total 13448K, used 8068K [0x00000000f5aa0000, 0x00000000f67c2000, 0x0000000100000000)
   the space 13448K,  59% used [0x00000000f5aa0000, 0x00000000f6281208, 0x00000000f6281400, 0x00000000f67c2000)
 Metaspace       used 16799K, capacity 17152K, committed 17536K, reserved 1064960K
  class space    used 2044K, capacity 2115K, committed 2176K, reserved 1048576K
Event: 28,679 GC heap after
Heap after GC invocations=34 (full 1):
 def new generation   total 6144K, used 234K [0x00000000f0800000, 0x00000000f0ea0000, 0x00000000f5aa0000)
  eden space 5504K,   0% used [0x00000000f0800000, 0x00000000f0800000, 0x00000000f0d60000)
  from space 640K,  36% used [0x00000000f0e00000, 0x00000000f0e3a848, 0x00000000f0ea0000)
  to   space 640K,   0% used [0x00000000f0d60000, 0x00000000f0d60000, 0x00000000f0e00000)
 tenured generation   total 13448K, used 8068K [0x00000000f5aa0000, 0x00000000f67c2000, 0x0000000100000000)
   the space 13448K,  59% used [0x00000000f5aa0000, 0x00000000f6281208, 0x00000000f6281400, 0x00000000f67c2000)
 Metaspace       used 16799K, capacity 17152K, committed 17536K, reserved 1064960K
  class space    used 2044K, capacity 2115K, committed 2176K, reserved 1048576K
}
Event: 29,427 GC heap before
{Heap before GC invocations=34 (full 1):
 def new generation   total 6144K, used 5738K [0x00000000f0800000, 0x00000000f0ea0000, 0x00000000f5aa0000)
  eden space 5504K, 100% used [0x00000000f0800000, 0x00000000f0d60000, 0x00000000f0d60000)
  from space 640K,  36% used [0x00000000f0e00000, 0x00000000f0e3a848, 0x00000000f0ea0000)
  to   space 640K,   0% used [0x00000000f0d60000, 0x00000000f0d60000, 0x00000000f0e00000)
 tenured generation   total 13448K, used 8068K [0x00000000f5aa0000, 0x00000000f67c2000, 0x0000000100000000)
   the space 13448K,  59% used [0x00000000f5aa0000, 0x00000000f6281208, 0x00000000f6281400, 0x00000000f67c2000)
 Metaspace       used 16839K, capacity 17268K, committed 17536K, reserved 1064960K
  class space    used 2049K, capacity 2151K, committed 2176K, reserved 1048576K
Event: 29,439 GC heap after
Heap after GC invocations=35 (full 1):
 def new generation   total 6144K, used 531K [0x00000000f0800000, 0x00000000f0ea0000, 0x00000000f5aa0000)
  eden space 5504K,   0% used [0x00000000f0800000, 0x00000000f0800000, 0x00000000f0d60000)
  from space 640K,  82% used [0x00000000f0d60000, 0x00000000f0de4c90, 0x00000000f0e00000)
  to   space 640K,   0% used [0x00000000f0e00000, 0x00000000f0e00000, 0x00000000f0ea0000)
 tenured generation   total 13448K, used 8068K [0x00000000f5aa0000, 0x00000000f67c2000, 0x0000000100000000)
   the space 13448K,  59% used [0x00000000f5aa0000, 0x00000000f6281208, 0x00000000f6281400, 0x00000000f67c2000)
 Metaspace       used 16839K, capacity 17268K, committed 17536K, reserved 1064960K
  class space    used 2049K, capacity 2151K, committed 2176K, reserved 1048576K
}
Event: 31,591 GC heap before
{Heap before GC invocations=35 (full 1):
 def new generation   total 6144K, used 6035K [0x00000000f0800000, 0x00000000f0ea0000, 0x00000000f5aa0000)
  eden space 5504K, 100% used [0x00000000f0800000, 0x00000000f0d60000, 0x00000000f0d60000)
  from space 640K,  82% used [0x00000000f0d60000, 0x00000000f0de4c90, 0x00000000f0e00000)
  to   space 640K,   0% used [0x00000000f0e00000, 0x00000000f0e00000, 0x00000000f0ea0000)
 tenured generation   total 13448K, used 8068K [0x00000000f5aa0000, 0x00000000f67c2000, 0x0000000100000000)
   the space 13448K,  59% used [0x00000000f5aa0000, 0x00000000f6281208, 0x00000000f6281400, 0x00000000f67c2000)
 Metaspace       used 17191K, capacity 17580K, committed 17920K, reserved 1064960K
  class space    used 2081K, capacity 2191K, committed 2304K, reserved 1048576K
Event: 31,602 GC heap after
Heap after GC invocations=36 (full 1):
 def new generation   total 6144K, used 571K [0x00000000f0800000, 0x00000000f0ea0000, 0x00000000f5aa0000)
  eden space 5504K,   0% used [0x00000000f0800000, 0x00000000f0800000, 0x00000000f0d60000)
  from space 640K,  89% used [0x00000000f0e00000, 0x00000000f0e8ecc0, 0x00000000f0ea0000)
  to   space 640K,   0% used [0x00000000f0d60000, 0x00000000f0d60000, 0x00000000f0e00000)
 tenured generation   total 13448K, used 8503K [0x00000000f5aa0000, 0x00000000f67c2000, 0x0000000100000000)
   the space 13448K,  63% used [0x00000000f5aa0000, 0x00000000f62edd30, 0x00000000f62ede00, 0x00000000f67c2000)
 Metaspace       used 17191K, capacity 17580K, committed 17920K, reserved 1064960K
  class space    used 2081K, capacity 2191K, committed 2304K, reserved 1048576K
}
Event: 31,653 GC heap before
{Heap before GC invocations=36 (full 1):
 def new generation   total 6144K, used 6075K [0x00000000f0800000, 0x00000000f0ea0000, 0x00000000f5aa0000)
  eden space 5504K, 100% used [0x00000000f0800000, 0x00000000f0d60000, 0x00000000f0d60000)
  from space 640K,  89% used [0x00000000f0e00000, 0x00000000f0e8ecc0, 0x00000000f0ea0000)
  to   space 640K,   0% used [0x00000000f0d60000, 0x00000000f0d60000, 0x00000000f0e00000)
 tenured generation   total 13448K, used 8503K [0x00000000f5aa0000, 0x00000000f67c2000, 0x0000000100000000)
   the space 13448K,  63% used [0x00000000f5aa0000, 0x00000000f62edd30, 0x00000000f62ede00, 0x00000000f67c2000)
 Metaspace       used 17284K, capacity 17644K, committed 17920K, reserved 1064960K
  class space    used 2081K, capacity 2191K, committed 2304K, reserved 1048576K
Event: 31,655 GC heap after
Heap after GC invocations=37 (full 1):
 def new generation   total 6144K, used 249K [0x00000000f0800000, 0x00000000f0ea0000, 0x00000000f5aa0000)
  eden space 5504K,   0% used [0x00000000f0800000, 0x00000000f0800000, 0x00000000f0d60000)
  from space 640K,  38% used [0x00000000f0d60000, 0x00000000f0d9e608, 0x00000000f0e00000)
  to   space 640K,   0% used [0x00000000f0e00000, 0x00000000f0e00000, 0x00000000f0ea0000)
 tenured generation   total 13448K, used 8814K [0x00000000f5aa0000, 0x00000000f67c2000, 0x0000000100000000)
   the space 13448K,  65% used [0x00000000f5aa0000, 0x00000000f633b880, 0x00000000f633ba00, 0x00000000f67c2000)
 Metaspace       used 17284K, capacity 17644K, committed 17920K, reserved 1064960K
  class space    used 2081K, capacity 2191K, committed 2304K, reserved 1048576K
}

